2022-05-20 20:01:14,520:INFO:Initializing load_model()
2022-05-20 20:01:14,520:INFO:load_model(model_name=knn_model, platform=None, authentication=None, verbose=True)
2022-05-20 20:01:20,494:INFO:Initializing predict_model()
2022-05-20 20:01:20,495:INFO:predict_model(estimator=Pipeline(steps=[('dtypes',
                 DataTypes_Auto_infer(display_types=False,
                                      ml_usecase='classification',
                                      target='class')),
                ('imputer',
                 Simple_Imputer(categorical_strategy='not_available',
                                fill_value_categorical=None,
                                fill_value_numerical=None,
                                numeric_strategy='mean',
                                target_variable=None)),
                ('new_levels1',
                 New_Catagorical_Levels_in_TestData(replacement_strategy='le...
                ('fix_perfect', Remove_100(target='class')),
                ('clean_names', Clean_Colum_Names()),
                ('feature_select',
                 Advanced_Feature_Selection_Classic(n_jobs=-1, random_state=123,
                                                    subclass='multi',
                                                    target='class',
                                                    top_features_to_pick=0.19999999999999996)),
                ('fix_multi', 'passthrough'), ('dfs', 'passthrough'),
                ('pca', 'passthrough'),
                ['trained_model', KNeighborsClassifier(n_jobs=-1)]]), probability_threshold=None, encoded_labels=False, drift_report=False, raw_score=False, round=4, verbose=True, ml_usecase=MLUsecase.CLASSIFICATION, display=None, drift_kwargs=None)
2022-05-20 20:01:20,495:INFO:Checking exceptions
2022-05-20 20:01:20,495:INFO:Preloading libraries
2022-05-20 20:02:51,908:INFO:Initializing load_model()
2022-05-20 20:02:51,909:INFO:load_model(model_name=knn_model, platform=None, authentication=None, verbose=True)
2022-05-20 20:02:55,675:INFO:Initializing predict_model()
2022-05-20 20:02:55,676:INFO:predict_model(estimator=Pipeline(steps=[('dtypes',
                 DataTypes_Auto_infer(display_types=False,
                                      ml_usecase='classification',
                                      target='class')),
                ('imputer',
                 Simple_Imputer(categorical_strategy='not_available',
                                fill_value_categorical=None,
                                fill_value_numerical=None,
                                numeric_strategy='mean',
                                target_variable=None)),
                ('new_levels1',
                 New_Catagorical_Levels_in_TestData(replacement_strategy='le...
                ('fix_perfect', Remove_100(target='class')),
                ('clean_names', Clean_Colum_Names()),
                ('feature_select',
                 Advanced_Feature_Selection_Classic(n_jobs=-1, random_state=123,
                                                    subclass='multi',
                                                    target='class',
                                                    top_features_to_pick=0.19999999999999996)),
                ('fix_multi', 'passthrough'), ('dfs', 'passthrough'),
                ('pca', 'passthrough'),
                ['trained_model', KNeighborsClassifier(n_jobs=-1)]]), probability_threshold=None, encoded_labels=False, drift_report=False, raw_score=False, round=4, verbose=True, ml_usecase=MLUsecase.CLASSIFICATION, display=None, drift_kwargs=None)
2022-05-20 20:02:55,676:INFO:Checking exceptions
2022-05-20 20:02:55,676:INFO:Preloading libraries
2022-05-21 12:00:01,449:INFO:Initializing load_model()
2022-05-21 12:00:01,449:INFO:load_model(model_name=knn_model, platform=None, authentication=None, verbose=True)
2022-05-21 12:00:05,690:INFO:Initializing predict_model()
2022-05-21 12:00:05,690:INFO:predict_model(estimator=Pipeline(steps=[('dtypes',
                 DataTypes_Auto_infer(display_types=False,
                                      ml_usecase='classification',
                                      target='class')),
                ('imputer',
                 Simple_Imputer(categorical_strategy='not_available',
                                fill_value_categorical=None,
                                fill_value_numerical=None,
                                numeric_strategy='mean',
                                target_variable=None)),
                ('new_levels1',
                 New_Catagorical_Levels_in_TestData(replacement_strategy='le...
                ('fix_perfect', Remove_100(target='class')),
                ('clean_names', Clean_Colum_Names()),
                ('feature_select',
                 Advanced_Feature_Selection_Classic(n_jobs=-1, random_state=123,
                                                    subclass='multi',
                                                    target='class',
                                                    top_features_to_pick=0.19999999999999996)),
                ('fix_multi', 'passthrough'), ('dfs', 'passthrough'),
                ('pca', 'passthrough'),
                ['trained_model', KNeighborsClassifier(n_jobs=-1)]]), probability_threshold=None, encoded_labels=False, drift_report=False, raw_score=False, round=4, verbose=True, ml_usecase=MLUsecase.CLASSIFICATION, display=None, drift_kwargs=None)
2022-05-21 12:00:05,690:INFO:Checking exceptions
2022-05-21 12:00:05,691:INFO:Preloading libraries
2022-05-21 12:04:13,928:INFO:Initializing load_model()
2022-05-21 12:04:13,928:INFO:load_model(model_name=knn_model, platform=None, authentication=None, verbose=True)
2022-05-21 12:04:17,910:INFO:Initializing predict_model()
2022-05-21 12:04:17,910:INFO:predict_model(estimator=Pipeline(steps=[('dtypes',
                 DataTypes_Auto_infer(display_types=False,
                                      ml_usecase='classification',
                                      target='class')),
                ('imputer',
                 Simple_Imputer(categorical_strategy='not_available',
                                fill_value_categorical=None,
                                fill_value_numerical=None,
                                numeric_strategy='mean',
                                target_variable=None)),
                ('new_levels1',
                 New_Catagorical_Levels_in_TestData(replacement_strategy='le...
                ('fix_perfect', Remove_100(target='class')),
                ('clean_names', Clean_Colum_Names()),
                ('feature_select',
                 Advanced_Feature_Selection_Classic(n_jobs=-1, random_state=123,
                                                    subclass='multi',
                                                    target='class',
                                                    top_features_to_pick=0.19999999999999996)),
                ('fix_multi', 'passthrough'), ('dfs', 'passthrough'),
                ('pca', 'passthrough'),
                ['trained_model', KNeighborsClassifier(n_jobs=-1)]]), probability_threshold=None, encoded_labels=False, drift_report=False, raw_score=False, round=4, verbose=True, ml_usecase=MLUsecase.CLASSIFICATION, display=None, drift_kwargs=None)
2022-05-21 12:04:17,910:INFO:Checking exceptions
2022-05-21 12:04:17,910:INFO:Preloading libraries
2022-05-21 12:07:15,535:INFO:Initializing predict_model()
2022-05-21 12:07:15,535:INFO:predict_model(estimator=Pipeline(steps=[('dtypes',
                 DataTypes_Auto_infer(display_types=False,
                                      ml_usecase='classification',
                                      target='class')),
                ('imputer',
                 Simple_Imputer(categorical_strategy='not_available',
                                fill_value_categorical=None,
                                fill_value_numerical=None,
                                numeric_strategy='mean',
                                target_variable=None)),
                ('new_levels1',
                 New_Catagorical_Levels_in_TestData(replacement_strategy='le...
                ('fix_perfect', Remove_100(target='class')),
                ('clean_names', Clean_Colum_Names()),
                ('feature_select',
                 Advanced_Feature_Selection_Classic(n_jobs=-1, random_state=123,
                                                    subclass='multi',
                                                    target='class',
                                                    top_features_to_pick=0.19999999999999996)),
                ('fix_multi', 'passthrough'), ('dfs', 'passthrough'),
                ('pca', 'passthrough'),
                ['trained_model', KNeighborsClassifier(n_jobs=-1)]]), probability_threshold=None, encoded_labels=False, drift_report=False, raw_score=False, round=4, verbose=True, ml_usecase=MLUsecase.CLASSIFICATION, display=None, drift_kwargs=None)
2022-05-21 12:07:15,535:INFO:Checking exceptions
2022-05-21 12:07:15,535:INFO:Preloading libraries
2022-05-21 12:16:00,617:INFO:Initializing load_model()
2022-05-21 12:16:00,618:INFO:load_model(model_name=knn_model, platform=None, authentication=None, verbose=True)
2022-05-21 12:16:05,161:INFO:Initializing predict_model()
2022-05-21 12:16:05,161:INFO:predict_model(estimator=Pipeline(steps=[('dtypes',
                 DataTypes_Auto_infer(display_types=False,
                                      ml_usecase='classification',
                                      target='class')),
                ('imputer',
                 Simple_Imputer(categorical_strategy='not_available',
                                fill_value_categorical=None,
                                fill_value_numerical=None,
                                numeric_strategy='mean',
                                target_variable=None)),
                ('new_levels1',
                 New_Catagorical_Levels_in_TestData(replacement_strategy='le...
                ('fix_perfect', Remove_100(target='class')),
                ('clean_names', Clean_Colum_Names()),
                ('feature_select',
                 Advanced_Feature_Selection_Classic(n_jobs=-1, random_state=123,
                                                    subclass='multi',
                                                    target='class',
                                                    top_features_to_pick=0.19999999999999996)),
                ('fix_multi', 'passthrough'), ('dfs', 'passthrough'),
                ('pca', 'passthrough'),
                ['trained_model', KNeighborsClassifier(n_jobs=-1)]]), probability_threshold=None, encoded_labels=False, drift_report=False, raw_score=False, round=4, verbose=True, ml_usecase=MLUsecase.CLASSIFICATION, display=None, drift_kwargs=None)
2022-05-21 12:16:05,161:INFO:Checking exceptions
2022-05-21 12:16:05,161:INFO:Preloading libraries
2022-05-21 12:24:42,992:INFO:Initializing predict_model()
2022-05-21 12:24:42,992:INFO:predict_model(estimator=Pipeline(steps=[('dtypes',
                 DataTypes_Auto_infer(display_types=False,
                                      ml_usecase='classification',
                                      target='class')),
                ('imputer',
                 Simple_Imputer(categorical_strategy='not_available',
                                fill_value_categorical=None,
                                fill_value_numerical=None,
                                numeric_strategy='mean',
                                target_variable=None)),
                ('new_levels1',
                 New_Catagorical_Levels_in_TestData(replacement_strategy='le...
                ('fix_perfect', Remove_100(target='class')),
                ('clean_names', Clean_Colum_Names()),
                ('feature_select',
                 Advanced_Feature_Selection_Classic(n_jobs=-1, random_state=123,
                                                    subclass='multi',
                                                    target='class',
                                                    top_features_to_pick=0.19999999999999996)),
                ('fix_multi', 'passthrough'), ('dfs', 'passthrough'),
                ('pca', 'passthrough'),
                ['trained_model', KNeighborsClassifier(n_jobs=-1)]]), probability_threshold=None, encoded_labels=False, drift_report=False, raw_score=False, round=4, verbose=True, ml_usecase=MLUsecase.CLASSIFICATION, display=None, drift_kwargs=None)
2022-05-21 12:24:42,992:INFO:Checking exceptions
2022-05-21 12:24:42,993:INFO:Preloading libraries
2022-05-21 12:28:34,677:INFO:Initializing load_model()
2022-05-21 12:28:34,678:INFO:load_model(model_name=knn_model, platform=None, authentication=None, verbose=True)
2022-05-21 12:28:39,403:INFO:Initializing predict_model()
2022-05-21 12:28:39,403:INFO:predict_model(estimator=Pipeline(steps=[('dtypes',
                 DataTypes_Auto_infer(display_types=False,
                                      ml_usecase='classification',
                                      target='class')),
                ('imputer',
                 Simple_Imputer(categorical_strategy='not_available',
                                fill_value_categorical=None,
                                fill_value_numerical=None,
                                numeric_strategy='mean',
                                target_variable=None)),
                ('new_levels1',
                 New_Catagorical_Levels_in_TestData(replacement_strategy='le...
                ('fix_perfect', Remove_100(target='class')),
                ('clean_names', Clean_Colum_Names()),
                ('feature_select',
                 Advanced_Feature_Selection_Classic(n_jobs=-1, random_state=123,
                                                    subclass='multi',
                                                    target='class',
                                                    top_features_to_pick=0.19999999999999996)),
                ('fix_multi', 'passthrough'), ('dfs', 'passthrough'),
                ('pca', 'passthrough'),
                ['trained_model', KNeighborsClassifier(n_jobs=-1)]]), probability_threshold=None, encoded_labels=False, drift_report=False, raw_score=False, round=4, verbose=True, ml_usecase=MLUsecase.CLASSIFICATION, display=None, drift_kwargs=None)
2022-05-21 12:28:39,403:INFO:Checking exceptions
2022-05-21 12:28:39,403:INFO:Preloading libraries
2022-05-21 16:42:40,653:INFO:Initializing load_model()
2022-05-21 16:42:40,653:INFO:load_model(model_name=knn_model, platform=None, authentication=None, verbose=True)
2022-05-21 16:42:47,978:INFO:Initializing predict_model()
2022-05-21 16:42:47,978:INFO:predict_model(estimator=Pipeline(steps=[('dtypes',
                 DataTypes_Auto_infer(display_types=False,
                                      ml_usecase='classification',
                                      target='class')),
                ('imputer',
                 Simple_Imputer(categorical_strategy='not_available',
                                fill_value_categorical=None,
                                fill_value_numerical=None,
                                numeric_strategy='mean',
                                target_variable=None)),
                ('new_levels1',
                 New_Catagorical_Levels_in_TestData(replacement_strategy='le...
                ('fix_perfect', Remove_100(target='class')),
                ('clean_names', Clean_Colum_Names()),
                ('feature_select',
                 Advanced_Feature_Selection_Classic(n_jobs=-1, random_state=123,
                                                    subclass='multi',
                                                    target='class',
                                                    top_features_to_pick=0.19999999999999996)),
                ('fix_multi', 'passthrough'), ('dfs', 'passthrough'),
                ('pca', 'passthrough'),
                ['trained_model', KNeighborsClassifier(n_jobs=-1)]]), probability_threshold=None, encoded_labels=False, drift_report=False, raw_score=False, round=4, verbose=True, ml_usecase=MLUsecase.CLASSIFICATION, display=None, drift_kwargs=None)
2022-05-21 16:42:47,978:INFO:Checking exceptions
2022-05-21 16:42:47,978:INFO:Preloading libraries
2022-05-21 17:13:26,597:INFO:Initializing load_model()
2022-05-21 17:13:26,598:INFO:load_model(model_name=knn_model, platform=None, authentication=None, verbose=True)
2022-05-21 17:13:35,281:INFO:Initializing predict_model()
2022-05-21 17:13:35,281:INFO:predict_model(estimator=Pipeline(steps=[('dtypes',
                 DataTypes_Auto_infer(display_types=False,
                                      ml_usecase='classification',
                                      target='class')),
                ('imputer',
                 Simple_Imputer(categorical_strategy='not_available',
                                fill_value_categorical=None,
                                fill_value_numerical=None,
                                numeric_strategy='mean',
                                target_variable=None)),
                ('new_levels1',
                 New_Catagorical_Levels_in_TestData(replacement_strategy='le...
                ('fix_perfect', Remove_100(target='class')),
                ('clean_names', Clean_Colum_Names()),
                ('feature_select',
                 Advanced_Feature_Selection_Classic(n_jobs=-1, random_state=123,
                                                    subclass='multi',
                                                    target='class',
                                                    top_features_to_pick=0.19999999999999996)),
                ('fix_multi', 'passthrough'), ('dfs', 'passthrough'),
                ('pca', 'passthrough'),
                ['trained_model', KNeighborsClassifier(n_jobs=-1)]]), probability_threshold=None, encoded_labels=False, drift_report=False, raw_score=False, round=4, verbose=True, ml_usecase=MLUsecase.CLASSIFICATION, display=None, drift_kwargs=None)
2022-05-21 17:13:35,281:INFO:Checking exceptions
2022-05-21 17:13:35,281:INFO:Preloading libraries
2022-05-21 17:21:24,731:INFO:Initializing load_model()
2022-05-21 17:21:24,732:INFO:load_model(model_name=knn_model, platform=None, authentication=None, verbose=True)
2022-05-21 17:21:51,238:INFO:Initializing predict_model()
2022-05-21 17:21:51,238:INFO:predict_model(estimator=Pipeline(steps=[('dtypes',
                 DataTypes_Auto_infer(display_types=False,
                                      ml_usecase='classification',
                                      target='class')),
                ('imputer',
                 Simple_Imputer(categorical_strategy='not_available',
                                fill_value_categorical=None,
                                fill_value_numerical=None,
                                numeric_strategy='mean',
                                target_variable=None)),
                ('new_levels1',
                 New_Catagorical_Levels_in_TestData(replacement_strategy='le...
                ('fix_perfect', Remove_100(target='class')),
                ('clean_names', Clean_Colum_Names()),
                ('feature_select',
                 Advanced_Feature_Selection_Classic(n_jobs=-1, random_state=123,
                                                    subclass='multi',
                                                    target='class',
                                                    top_features_to_pick=0.19999999999999996)),
                ('fix_multi', 'passthrough'), ('dfs', 'passthrough'),
                ('pca', 'passthrough'),
                ['trained_model', KNeighborsClassifier(n_jobs=-1)]]), probability_threshold=None, encoded_labels=False, drift_report=False, raw_score=False, round=4, verbose=True, ml_usecase=MLUsecase.CLASSIFICATION, display=None, drift_kwargs=None)
2022-05-21 17:21:51,238:INFO:Checking exceptions
2022-05-21 17:21:51,238:INFO:Preloading libraries
2022-05-21 17:25:42,906:INFO:Initializing load_model()
2022-05-21 17:25:42,907:INFO:load_model(model_name=knn_model, platform=None, authentication=None, verbose=True)
2022-05-21 17:26:12,060:INFO:Initializing predict_model()
2022-05-21 17:26:12,060:INFO:predict_model(estimator=Pipeline(steps=[('dtypes',
                 DataTypes_Auto_infer(display_types=False,
                                      ml_usecase='classification',
                                      target='class')),
                ('imputer',
                 Simple_Imputer(categorical_strategy='not_available',
                                fill_value_categorical=None,
                                fill_value_numerical=None,
                                numeric_strategy='mean',
                                target_variable=None)),
                ('new_levels1',
                 New_Catagorical_Levels_in_TestData(replacement_strategy='le...
                ('fix_perfect', Remove_100(target='class')),
                ('clean_names', Clean_Colum_Names()),
                ('feature_select',
                 Advanced_Feature_Selection_Classic(n_jobs=-1, random_state=123,
                                                    subclass='multi',
                                                    target='class',
                                                    top_features_to_pick=0.19999999999999996)),
                ('fix_multi', 'passthrough'), ('dfs', 'passthrough'),
                ('pca', 'passthrough'),
                ['trained_model', KNeighborsClassifier(n_jobs=-1)]]), probability_threshold=None, encoded_labels=False, drift_report=False, raw_score=False, round=4, verbose=True, ml_usecase=MLUsecase.CLASSIFICATION, display=None, drift_kwargs=None)
2022-05-21 17:26:12,060:INFO:Checking exceptions
2022-05-21 17:26:12,060:INFO:Preloading libraries
2022-05-21 19:01:38,056:INFO:Initializing load_model()
2022-05-21 19:01:38,057:INFO:load_model(model_name=knn_model, platform=None, authentication=None, verbose=True)
2022-05-21 19:01:50,867:INFO:Initializing predict_model()
2022-05-21 19:01:50,867:INFO:predict_model(estimator=Pipeline(steps=[('dtypes',
                 DataTypes_Auto_infer(display_types=False,
                                      ml_usecase='classification',
                                      target='class')),
                ('imputer',
                 Simple_Imputer(categorical_strategy='not_available',
                                fill_value_categorical=None,
                                fill_value_numerical=None,
                                numeric_strategy='mean',
                                target_variable=None)),
                ('new_levels1',
                 New_Catagorical_Levels_in_TestData(replacement_strategy='le...
                ('fix_perfect', Remove_100(target='class')),
                ('clean_names', Clean_Colum_Names()),
                ('feature_select',
                 Advanced_Feature_Selection_Classic(n_jobs=-1, random_state=123,
                                                    subclass='multi',
                                                    target='class',
                                                    top_features_to_pick=0.19999999999999996)),
                ('fix_multi', 'passthrough'), ('dfs', 'passthrough'),
                ('pca', 'passthrough'),
                ['trained_model', KNeighborsClassifier(n_jobs=-1)]]), probability_threshold=None, encoded_labels=False, drift_report=False, raw_score=False, round=4, verbose=True, ml_usecase=MLUsecase.CLASSIFICATION, display=None, drift_kwargs=None)
2022-05-21 19:01:50,867:INFO:Checking exceptions
2022-05-21 19:01:50,867:INFO:Preloading libraries
2022-05-21 19:13:03,835:INFO:Initializing load_model()
2022-05-21 19:13:03,836:INFO:load_model(model_name=knn_model, platform=None, authentication=None, verbose=True)
2022-05-21 19:13:16,907:INFO:Initializing predict_model()
2022-05-21 19:13:16,907:INFO:predict_model(estimator=Pipeline(steps=[('dtypes',
                 DataTypes_Auto_infer(display_types=False,
                                      ml_usecase='classification',
                                      target='class')),
                ('imputer',
                 Simple_Imputer(categorical_strategy='not_available',
                                fill_value_categorical=None,
                                fill_value_numerical=None,
                                numeric_strategy='mean',
                                target_variable=None)),
                ('new_levels1',
                 New_Catagorical_Levels_in_TestData(replacement_strategy='le...
                ('fix_perfect', Remove_100(target='class')),
                ('clean_names', Clean_Colum_Names()),
                ('feature_select',
                 Advanced_Feature_Selection_Classic(n_jobs=-1, random_state=123,
                                                    subclass='multi',
                                                    target='class',
                                                    top_features_to_pick=0.19999999999999996)),
                ('fix_multi', 'passthrough'), ('dfs', 'passthrough'),
                ('pca', 'passthrough'),
                ['trained_model', KNeighborsClassifier(n_jobs=-1)]]), probability_threshold=None, encoded_labels=False, drift_report=False, raw_score=False, round=4, verbose=True, ml_usecase=MLUsecase.CLASSIFICATION, display=None, drift_kwargs=None)
2022-05-21 19:13:16,907:INFO:Checking exceptions
2022-05-21 19:13:16,907:INFO:Preloading libraries
2022-05-21 19:19:42,534:INFO:Initializing load_model()
2022-05-21 19:19:42,535:INFO:load_model(model_name=knn_model, platform=None, authentication=None, verbose=True)
